 
****************************************
Report : area
Design : STI_DAC
Version: Q-2019.12
Date   : Mon Jul 24 15:18:54 2023
****************************************

Library(s) Used:

    slow (File: /usr/cad/CBDK_IC_Contest_v2.1/SynopsysDC/db/slow.db)

Number of ports:                           67
Number of nets:                           679
Number of cells:                          581
Number of combinational cells:            516
Number of sequential cells:                64
Number of macros/black boxes:               0
Number of buf/inv:                        131
Number of references:                      74

Combinational area:               4226.525970
Buf/Inv area:                      762.132592
Noncombinational area:            2075.920135
Macro/Black Box area:                0.000000
Net Interconnect area:           73500.367767

Total cell area:                  6302.446106
Total area:                      79802.813873
1
